Determining if the function XOpenDisplay exists in the /usr/lib64/libX11.so;/usr/lib64/libXext.so passed with the following output:
Change Dir: //home/rablair/cpe471/Lab03/L03/build/CMakeFiles/CMakeTmp

Run Build Command:/bin/gmake "cmTryCompileExec3800674024/fast"
/bin/gmake -f CMakeFiles/cmTryCompileExec3800674024.dir/build.make CMakeFiles/cmTryCompileExec3800674024.dir/build
gmake[1]: Entering directory `/home/rablair/cpe471/Lab03/L03/build/CMakeFiles/CMakeTmp'
/usr/bin/cmake -E cmake_progress_report //home/rablair/cpe471/Lab03/L03/build/CMakeFiles/CMakeTmp/CMakeFiles 1
Building C object CMakeFiles/cmTryCompileExec3800674024.dir/CheckFunctionExists.c.o
/bin/cc   -DCHECK_FUNCTION_EXISTS=XOpenDisplay   -o CMakeFiles/cmTryCompileExec3800674024.dir/CheckFunctionExists.c.o   -c /usr/share/cmake/Modules/CheckFunctionExists.c
Linking C executable cmTryCompileExec3800674024
/usr/bin/cmake -E cmake_link_script CMakeFiles/cmTryCompileExec3800674024.dir/link.txt --verbose=1
/bin/cc   -DCHECK_FUNCTION_EXISTS=XOpenDisplay    CMakeFiles/cmTryCompileExec3800674024.dir/CheckFunctionExists.c.o  -o cmTryCompileExec3800674024 -rdynamic -lX11 -lXext 
gmake[1]: Leaving directory `/home/rablair/cpe471/Lab03/L03/build/CMakeFiles/CMakeTmp'


Determining if the function gethostbyname exists passed with the following output:
Change Dir: //home/rablair/cpe471/Lab03/L03/build/CMakeFiles/CMakeTmp

Run Build Command:/bin/gmake "cmTryCompileExec1142745278/fast"
/bin/gmake -f CMakeFiles/cmTryCompileExec1142745278.dir/build.make CMakeFiles/cmTryCompileExec1142745278.dir/build
gmake[1]: Entering directory `/home/rablair/cpe471/Lab03/L03/build/CMakeFiles/CMakeTmp'
/usr/bin/cmake -E cmake_progress_report //home/rablair/cpe471/Lab03/L03/build/CMakeFiles/CMakeTmp/CMakeFiles 1
Building C object CMakeFiles/cmTryCompileExec1142745278.dir/CheckFunctionExists.c.o
/bin/cc   -DCHECK_FUNCTION_EXISTS=gethostbyname   -o CMakeFiles/cmTryCompileExec1142745278.dir/CheckFunctionExists.c.o   -c /usr/share/cmake/Modules/CheckFunctionExists.c
Linking C executable cmTryCompileExec1142745278
/usr/bin/cmake -E cmake_link_script CMakeFiles/cmTryCompileExec1142745278.dir/link.txt --verbose=1
/bin/cc   -DCHECK_FUNCTION_EXISTS=gethostbyname    CMakeFiles/cmTryCompileExec1142745278.dir/CheckFunctionExists.c.o  -o cmTryCompileExec1142745278 -rdynamic 
gmake[1]: Leaving directory `/home/rablair/cpe471/Lab03/L03/build/CMakeFiles/CMakeTmp'


Determining if the function connect exists passed with the following output:
Change Dir: //home/rablair/cpe471/Lab03/L03/build/CMakeFiles/CMakeTmp

Run Build Command:/bin/gmake "cmTryCompileExec3802181283/fast"
/bin/gmake -f CMakeFiles/cmTryCompileExec3802181283.dir/build.make CMakeFiles/cmTryCompileExec3802181283.dir/build
gmake[1]: Entering directory `/home/rablair/cpe471/Lab03/L03/build/CMakeFiles/CMakeTmp'
/usr/bin/cmake -E cmake_progress_report //home/rablair/cpe471/Lab03/L03/build/CMakeFiles/CMakeTmp/CMakeFiles 1
Building C object CMakeFiles/cmTryCompileExec3802181283.dir/CheckFunctionExists.c.o
/bin/cc   -DCHECK_FUNCTION_EXISTS=connect   -o CMakeFiles/cmTryCompileExec3802181283.dir/CheckFunctionExists.c.o   -c /usr/share/cmake/Modules/CheckFunctionExists.c
Linking C executable cmTryCompileExec3802181283
/usr/bin/cmake -E cmake_link_script CMakeFiles/cmTryCompileExec3802181283.dir/link.txt --verbose=1
/bin/cc   -DCHECK_FUNCTION_EXISTS=connect    CMakeFiles/cmTryCompileExec3802181283.dir/CheckFunctionExists.c.o  -o cmTryCompileExec3802181283 -rdynamic 
gmake[1]: Leaving directory `/home/rablair/cpe471/Lab03/L03/build/CMakeFiles/CMakeTmp'


Determining if the function remove exists passed with the following output:
Change Dir: //home/rablair/cpe471/Lab03/L03/build/CMakeFiles/CMakeTmp

Run Build Command:/bin/gmake "cmTryCompileExec3348850463/fast"
/bin/gmake -f CMakeFiles/cmTryCompileExec3348850463.dir/build.make CMakeFiles/cmTryCompileExec3348850463.dir/build
gmake[1]: Entering directory `/home/rablair/cpe471/Lab03/L03/build/CMakeFiles/CMakeTmp'
/usr/bin/cmake -E cmake_progress_report //home/rablair/cpe471/Lab03/L03/build/CMakeFiles/CMakeTmp/CMakeFiles 1
Building C object CMakeFiles/cmTryCompileExec3348850463.dir/CheckFunctionExists.c.o
/bin/cc   -DCHECK_FUNCTION_EXISTS=remove   -o CMakeFiles/cmTryCompileExec3348850463.dir/CheckFunctionExists.c.o   -c /usr/share/cmake/Modules/CheckFunctionExists.c
Linking C executable cmTryCompileExec3348850463
/usr/bin/cmake -E cmake_link_script CMakeFiles/cmTryCompileExec3348850463.dir/link.txt --verbose=1
/bin/cc   -DCHECK_FUNCTION_EXISTS=remove    CMakeFiles/cmTryCompileExec3348850463.dir/CheckFunctionExists.c.o  -o cmTryCompileExec3348850463 -rdynamic 
gmake[1]: Leaving directory `/home/rablair/cpe471/Lab03/L03/build/CMakeFiles/CMakeTmp'


Determining if the function shmat exists passed with the following output:
Change Dir: //home/rablair/cpe471/Lab03/L03/build/CMakeFiles/CMakeTmp

Run Build Command:/bin/gmake "cmTryCompileExec3107041423/fast"
/bin/gmake -f CMakeFiles/cmTryCompileExec3107041423.dir/build.make CMakeFiles/cmTryCompileExec3107041423.dir/build
gmake[1]: Entering directory `/home/rablair/cpe471/Lab03/L03/build/CMakeFiles/CMakeTmp'
/usr/bin/cmake -E cmake_progress_report //home/rablair/cpe471/Lab03/L03/build/CMakeFiles/CMakeTmp/CMakeFiles 1
Building C object CMakeFiles/cmTryCompileExec3107041423.dir/CheckFunctionExists.c.o
/bin/cc   -DCHECK_FUNCTION_EXISTS=shmat   -o CMakeFiles/cmTryCompileExec3107041423.dir/CheckFunctionExists.c.o   -c /usr/share/cmake/Modules/CheckFunctionExists.c
Linking C executable cmTryCompileExec3107041423
/usr/bin/cmake -E cmake_link_script CMakeFiles/cmTryCompileExec3107041423.dir/link.txt --verbose=1
/bin/cc   -DCHECK_FUNCTION_EXISTS=shmat    CMakeFiles/cmTryCompileExec3107041423.dir/CheckFunctionExists.c.o  -o cmTryCompileExec3107041423 -rdynamic 
gmake[1]: Leaving directory `/home/rablair/cpe471/Lab03/L03/build/CMakeFiles/CMakeTmp'


Determining if the function IceConnectionNumber exists in the ICE passed with the following output:
Change Dir: //home/rablair/cpe471/Lab03/L03/build/CMakeFiles/CMakeTmp

Run Build Command:/bin/gmake "cmTryCompileExec809130782/fast"
/bin/gmake -f CMakeFiles/cmTryCompileExec809130782.dir/build.make CMakeFiles/cmTryCompileExec809130782.dir/build
gmake[1]: Entering directory `/home/rablair/cpe471/Lab03/L03/build/CMakeFiles/CMakeTmp'
/usr/bin/cmake -E cmake_progress_report //home/rablair/cpe471/Lab03/L03/build/CMakeFiles/CMakeTmp/CMakeFiles 1
Building C object CMakeFiles/cmTryCompileExec809130782.dir/CheckFunctionExists.c.o
/bin/cc   -DCHECK_FUNCTION_EXISTS=IceConnectionNumber   -o CMakeFiles/cmTryCompileExec809130782.dir/CheckFunctionExists.c.o   -c /usr/share/cmake/Modules/CheckFunctionExists.c
Linking C executable cmTryCompileExec809130782
/usr/bin/cmake -E cmake_link_script CMakeFiles/cmTryCompileExec809130782.dir/link.txt --verbose=1
/bin/cc   -DCHECK_FUNCTION_EXISTS=IceConnectionNumber    CMakeFiles/cmTryCompileExec809130782.dir/CheckFunctionExists.c.o  -o cmTryCompileExec809130782 -rdynamic -lICE 
gmake[1]: Leaving directory `/home/rablair/cpe471/Lab03/L03/build/CMakeFiles/CMakeTmp'


Determining if files pthread.h exist passed with the following output:
Change Dir: //home/rablair/cpe471/Lab03/L03/build/CMakeFiles/CMakeTmp

Run Build Command:/bin/gmake "cmTryCompileExec2846018837/fast"
/bin/gmake -f CMakeFiles/cmTryCompileExec2846018837.dir/build.make CMakeFiles/cmTryCompileExec2846018837.dir/build
gmake[1]: Entering directory `/home/rablair/cpe471/Lab03/L03/build/CMakeFiles/CMakeTmp'
/usr/bin/cmake -E cmake_progress_report //home/rablair/cpe471/Lab03/L03/build/CMakeFiles/CMakeTmp/CMakeFiles 1
Building C object CMakeFiles/cmTryCompileExec2846018837.dir/CheckIncludeFiles.c.o
/bin/cc    -o CMakeFiles/cmTryCompileExec2846018837.dir/CheckIncludeFiles.c.o   -c //home/rablair/cpe471/Lab03/L03/build/CMakeFiles/CMakeTmp/CheckIncludeFiles.c
Linking C executable cmTryCompileExec2846018837
/usr/bin/cmake -E cmake_link_script CMakeFiles/cmTryCompileExec2846018837.dir/link.txt --verbose=1
/bin/cc       CMakeFiles/cmTryCompileExec2846018837.dir/CheckIncludeFiles.c.o  -o cmTryCompileExec2846018837 -rdynamic 
gmake[1]: Leaving directory `/home/rablair/cpe471/Lab03/L03/build/CMakeFiles/CMakeTmp'


Determining if the function pthread_create exists in the pthread passed with the following output:
Change Dir: //home/rablair/cpe471/Lab03/L03/build/CMakeFiles/CMakeTmp

Run Build Command:/bin/gmake "cmTryCompileExec647803181/fast"
/bin/gmake -f CMakeFiles/cmTryCompileExec647803181.dir/build.make CMakeFiles/cmTryCompileExec647803181.dir/build
gmake[1]: Entering directory `/home/rablair/cpe471/Lab03/L03/build/CMakeFiles/CMakeTmp'
/usr/bin/cmake -E cmake_progress_report //home/rablair/cpe471/Lab03/L03/build/CMakeFiles/CMakeTmp/CMakeFiles 1
Building C object CMakeFiles/cmTryCompileExec647803181.dir/CheckFunctionExists.c.o
/bin/cc   -DCHECK_FUNCTION_EXISTS=pthread_create   -o CMakeFiles/cmTryCompileExec647803181.dir/CheckFunctionExists.c.o   -c /usr/share/cmake/Modules/CheckFunctionExists.c
Linking C executable cmTryCompileExec647803181
/usr/bin/cmake -E cmake_link_script CMakeFiles/cmTryCompileExec647803181.dir/link.txt --verbose=1
/bin/cc   -DCHECK_FUNCTION_EXISTS=pthread_create    CMakeFiles/cmTryCompileExec647803181.dir/CheckFunctionExists.c.o  -o cmTryCompileExec647803181 -rdynamic -lpthread 
gmake[1]: Leaving directory `/home/rablair/cpe471/Lab03/L03/build/CMakeFiles/CMakeTmp'


